<?xml version="1.0" encoding="UTF-8"?>
<testsuite xmlns:xsi="http://www.w3.org/2001/XMLSchema-instance" xsi:noNamespaceSchemaLocation="https://maven.apache.org/surefire/maven-surefire-plugin/xsd/surefire-test-report-3.0.xsd" version="3.0" name="TestSuite" time="39.014" tests="10" errors="0" skipped="0" failures="0">
  <properties>
[...]
</properties>
  <testcase name="verifyLogin" classname="com.obsqura.test.LoginTest" time="1.653">
    <system-out><![CDATA[Executing in QA
Executing in QA
Executing in QA
Executing in QA
]]></system-out>
    <system-err><![CDATA[SLF4J: Failed to load class "org.slf4j.impl.StaticLoggerBinder".
SLF4J: Defaulting to no-operation (NOP) logger implementation
SLF4J: See http://www.slf4j.org/codes.html#StaticLoggerBinder for further details.
Dec 26, 2023 6:31:49 PM org.openqa.selenium.devtools.CdpVersionFinder findNearestMatch
WARNING: Unable to find an exact match for CDP version 120, returning the closest version; found: 119; Please update to a Selenium version that supports CDP version 120
Dec 26, 2023 6:31:51 PM org.openqa.selenium.devtools.CdpVersionFinder findNearestMatch
WARNING: Unable to find an exact match for CDP version 120, returning the closest version; found: 119; Please update to a Selenium version that supports CDP version 120
Dec 26, 2023 6:31:51 PM org.openqa.selenium.devtools.CdpVersionFinder findNearestMatch
WARNING: Unable to find an exact match for CDP version 120, returning the closest version; found: 119; Please update to a Selenium version that supports CDP version 120
Dec 26, 2023 6:31:51 PM org.openqa.selenium.devtools.CdpVersionFinder findNearestMatch
WARNING: Unable to find an exact match for CDP version 120, returning the closest version; found: 119; Please update to a Selenium version that supports CDP version 120
]]></system-err>
  </testcase>
  <testcase name="ExpenseCategory" classname="com.obsqura.test.ManageExpenseTest" time="3.657">
    <system-out><![CDATA[Executing in QA
]]></system-out>
  </testcase>
  <testcase name="createDeliverytBoyDataProviders[client26/12/2023 18:31:45, Jasna6268, 3466](1)" classname="com.obsqura.test.CreateDeliveryBoyUsingDataProviders" time="8.336">
    <system-out><![CDATA[Executing in QA
]]></system-out>
    <system-err><![CDATA[Dec 26, 2023 6:32:00 PM org.openqa.selenium.devtools.CdpVersionFinder findNearestMatch
WARNING: Unable to find an exact match for CDP version 120, returning the closest version; found: 119; Please update to a Selenium version that supports CDP version 120
Dec 26, 2023 6:32:02 PM org.openqa.selenium.devtools.CdpVersionFinder findNearestMatch
WARNING: Unable to find an exact match for CDP version 120, returning the closest version; found: 119; Please update to a Selenium version that supports CDP version 120
]]></system-err>
  </testcase>
  <testcase name="createDeliverytBoyDataProviders[client26/12/2023 18:31:45, Jasna9100, 451](2)" classname="com.obsqura.test.CreateDeliveryBoyUsingDataProviders" time="5.376"/>
  <testcase name="createDeliveryBoy" classname="com.obsqura.test.CreateDeliveryBoy" time="9.378">
    <system-out><![CDATA[Executing in QA
]]></system-out>
  </testcase>
  <testcase name="ManagePaymentMethods" classname="com.obsqura.test.ManagePaymentMethods" time="1.006">
    <system-out><![CDATA[Executing in QA
]]></system-out>
    <system-err><![CDATA[Dec 26, 2023 6:32:05 PM org.openqa.selenium.devtools.CdpVersionFinder findNearestMatch
WARNING: Unable to find an exact match for CDP version 120, returning the closest version; found: 119; Please update to a Selenium version that supports CDP version 120
Dec 26, 2023 6:32:07 PM org.openqa.selenium.devtools.CdpVersionFinder findNearestMatch
WARNING: Unable to find an exact match for CDP version 120, returning the closest version; found: 119; Please update to a Selenium version that supports CDP version 120
]]></system-err>
  </testcase>
  <testcase name="Order" classname="com.obsqura.test.ManageOrders" time="2.336">
    <system-out><![CDATA[Executing in QA
]]></system-out>
  </testcase>
  <testcase name="Category" classname="com.obsqura.test.ManageCategoryTest" time="4.407">
    <system-out><![CDATA[Executing in QA
]]></system-out>
    <system-err><![CDATA[Dec 26, 2023 6:32:14 PM org.openqa.selenium.devtools.CdpVersionFinder findNearestMatch
WARNING: Unable to find an exact match for CDP version 120, returning the closest version; found: 119; Please update to a Selenium version that supports CDP version 120
]]></system-err>
  </testcase>
  <testcase name="Location" classname="com.obsqura.test.ManageLocations" time="3.678">
    <system-err><![CDATA[Dec 26, 2023 6:32:16 PM org.openqa.selenium.devtools.CdpVersionFinder findNearestMatch
WARNING: Unable to find an exact match for CDP version 120, returning the closest version; found: 119; Please update to a Selenium version that supports CDP version 120
]]></system-err>
  </testcase>
  <testcase name="PushNotifications" classname="com.obsqura.test.PushNotifications" time="4.75"/>
</testsuite>