<?xml version="1.0" encoding="UTF-8"?>
<!-- Generated by org.testng.reporters.JUnitXMLReporter -->
<testsuite ignored="0" hostname="LAPTOP-LREAFRGN" failures="0" tests="2" name="DataProvidersTest" time="30.319" errors="0" timestamp="2023-12-26T18:32:16 IST">
  <testcase classname="com.obsqura.test.CreateDeliveryBoyUsingDataProviders" name="createDeliverytBoyDataProviders" time="8.509"/>
  <testcase classname="com.obsqura.test.CreateDeliveryBoyUsingDataProviders" name="createDeliverytBoyDataProviders" time="7.362"/>
</testsuite> <!-- DataProvidersTest -->
