<?xml version="1.0" encoding="UTF-8"?>
<!-- Generated by org.testng.reporters.JUnitXMLReporter -->
<testsuite ignored="3" hostname="LAPTOP-LREAFRGN" failures="0" tests="1" name="SmokeTests" time="13.263" errors="0" timestamp="2023-12-16T14:02:22 IST">
  <testcase classname="com.obsequera.test.ManageExpenseTest" name="ExpenseCategory" time="4.837"/>
  <testcase classname="com.obsequera.test.CreateDeliveryBoyUsingDataProviders" name="createDeliverytBoy" time="0.0">
    <ignored/>
  </testcase> <!-- createDeliverytBoy -->
  <testcase classname="com.obsequera.test.LoginTest" name="verifyLogin" time="0.0">
    <ignored/>
  </testcase> <!-- verifyLogin -->
  <testcase classname="com.obsequera.test.CreateDeliveryBoy" name="createDeliveryBoy" time="0.0">
    <ignored/>
  </testcase> <!-- createDeliveryBoy -->
</testsuite> <!-- SmokeTests -->
