<?xml version="1.0" encoding="UTF-8"?>
<!-- Generated by org.testng.reporters.JUnitXMLReporter -->
<testsuite ignored="0" hostname="LAPTOP-LREAFRGN" failures="0" tests="2" name="DataProvidersTest" time="38.72" errors="0" timestamp="2023-12-26T08:35:50 IST">
  <testcase classname="com.obsqura.test.CreateDeliveryBoyUsingDataProviders" name="createDeliverytBoyDataProviders" time="13.206"/>
  <testcase classname="com.obsqura.test.CreateDeliveryBoyUsingDataProviders" name="createDeliverytBoyDataProviders" time="6.791"/>
</testsuite> <!-- DataProvidersTest -->
