<?xml version="1.0" encoding="UTF-8"?>
<!-- Generated by org.testng.reporters.JUnitXMLReporter -->
<testsuite ignored="0" hostname="LAPTOP-LREAFRGN" failures="1" tests="1" name="ManageExpenseTest" time="20.517" errors="0" timestamp="2023-12-26T08:35:32 IST">
  <testcase classname="com.obsqura.test.ManageExpenseTest" name="ExpenseCategory" time="12.532">
    <failure type="java.lang.AssertionError" message="null">
      <![CDATA[java.lang.AssertionError: null
at com.obsqura.test.ManageExpenseTest.ExpenseCategory(ManageExpenseTest.java:16)
at java.base/java.util.ArrayList.forEach(ArrayList.java:1511)
at java.base/java.util.concurrent.FutureTask.run(FutureTask.java:264)
at java.base/java.util.concurrent.ThreadPoolExecutor.runWorker(ThreadPoolExecutor.java:1136)
at java.base/java.util.concurrent.ThreadPoolExecutor$Worker.run(ThreadPoolExecutor.java:635)
at java.base/java.lang.Thread.run(Thread.java:833)
... Removed 19 stack frames]]>
    </failure>
  </testcase> <!-- ExpenseCategory -->
</testsuite> <!-- ManageExpenseTest -->
