<?xml version="1.0" encoding="UTF-8"?>
<!-- Generated by org.testng.reporters.JUnitXMLReporter -->
<testsuite ignored="3" hostname="LAPTOP-LREAFRGN" failures="0" tests="1" name="SmokeTests" time="0.123" errors="0" timestamp="2023-12-15T18:39:21 IST">
  <testcase classname="com.obsequera.test.BaseTest" name="@BeforeMethod initDriver" time="0.022">
    <failure type="java.io.FileNotFoundException" message="C:\Users\ANGITHA VIJAYAN\eclipse-workspace\GroceryMart\src\test\resources\Configurations\config.properties (The system cannot find the path specified)">
      <![CDATA[java.io.FileNotFoundException: C:\Users\ANGITHA VIJAYAN\eclipse-workspace\GroceryMart\src\test\resources\Configurations\config.properties (The system cannot find the path specified)
at java.base/java.io.FileInputStream.open0(Native Method)
at java.base/java.io.FileInputStream.open(FileInputStream.java:216)
at java.base/java.io.FileInputStream.<init>(FileInputStream.java:157)
at java.base/java.io.FileInputStream.<init>(FileInputStream.java:111)
at Util.TestProperties.getProperties(TestProperties.java:12)
at com.obsequera.test.BaseTest.initDriver(BaseTest.java:28)
at java.base/java.util.ArrayList.forEach(ArrayList.java:1511)
... Removed 31 stack frames]]>
    </failure>
  </testcase> <!-- @BeforeMethod initDriver -->
  <testcase classname="com.obsequera.test.ManageExpenseTest" name="ExpenseCategory" time="0.0">
    <skipped/>
  </testcase> <!-- ExpenseCategory -->
  <testcase classname="com.obsequera.test.CreateDeliveryBoyUsingDataProviders" name="createDeliverytBoy" time="0.0">
    <ignored/>
  </testcase> <!-- createDeliverytBoy -->
  <testcase classname="com.obsequera.test.LoginTest" name="verifyLogin" time="0.0">
    <ignored/>
  </testcase> <!-- verifyLogin -->
  <testcase classname="com.obsequera.test.CreateDeliveryBoy" name="createDeliveryBoy" time="0.0">
    <ignored/>
  </testcase> <!-- createDeliveryBoy -->
</testsuite> <!-- SmokeTests -->
