<?xml version="1.0" encoding="UTF-8"?>
<!-- Generated by org.testng.reporters.JUnitXMLReporter -->
<testsuite ignored="3" hostname="LAPTOP-LREAFRGN" failures="1" tests="1" name="Smoke Tests" time="0.111" errors="0" timestamp="2023-12-14T22:01:40 IST">
  <testcase classname="com.obsequera.test.ManageExpenseTest" name="ExpenseCategory" time="0.017">
    <failure type="java.lang.NullPointerException" message="Cannot invoke &amp;quot;pages.LoginPage.Login()&amp;quot; because &amp;quot;this.lp&amp;quot; is null">
      <![CDATA[java.lang.NullPointerException: Cannot invoke "pages.LoginPage.Login()" because "this.lp" is null
at com.obsequera.test.ManageExpenseTest.ExpenseCategory(ManageExpenseTest.java:11)
at java.base/java.util.ArrayList.forEach(ArrayList.java:1511)
... Removed 27 stack frames]]>
    </failure>
  </testcase> <!-- ExpenseCategory -->
  <testcase classname="com.obsequera.test.CreateDeliveryBoy" name="createDeliveryBoy" time="0.0">
    <ignored/>
  </testcase> <!-- createDeliveryBoy -->
  <testcase classname="com.obsequera.test.CreateDeliveryBoyUsingDataProviders" name="createDeliverytBoy" time="0.0">
    <ignored/>
  </testcase> <!-- createDeliverytBoy -->
  <testcase classname="com.obsequera.test.LoginTest" name="verifyLogin" time="0.0">
    <ignored/>
  </testcase> <!-- verifyLogin -->
</testsuite> <!-- Smoke Tests -->
